Build started 10/24/2016 12:24:54 PM.
     1>Project "C:\Users\Owner\Documents\Visual Studio 2013\Projects\Homework02\NYUCodebase\NYUCodebase.vcxproj" on node 2 (Build target(s)).
     1>ClCompile:
         C:\Program Files (x86)\Microsoft Visual Studio 12.0\VC\bin\CL.exe /c /IC:\SDL2\include /IC:\SDL2_image\include /IC:\glew\include /IC:\SDL2_mixer\include /ZI /nologo /W3 /WX- /sdl /Od /Oy- /D _WINDOWS /D _MBCS /D _MBCS /Gm /EHsc /RTC1 /MDd /GS /fp:precise /Zc:wchar_t /Zc:forScope /Fo"Debug\\" /Fd"Debug\vc120.pdb" /Gd /TP /analyze- /errorReport:prompt main.cpp
         main.cpp
     1>c:\users\owner\documents\visual studio 2013\projects\homework02\nyucodebase\main.cpp(20): warning C4005: 'RAND_MAX' : macro redefinition
                 c:\program files (x86)\microsoft visual studio 12.0\vc\include\stdlib.h(154) : see previous definition of 'RAND_MAX'
     1>c:\users\owner\documents\visual studio 2013\projects\homework02\nyucodebase\main.cpp(71): warning C4305: 'argument' : truncation from 'double' to 'float'
     1>c:\users\owner\documents\visual studio 2013\projects\homework02\nyucodebase\main.cpp(113): warning C4244: '+=' : conversion from 'double' to 'float', possible loss of data
     1>c:\users\owner\documents\visual studio 2013\projects\homework02\nyucodebase\main.cpp(114): warning C4244: '+=' : conversion from 'double' to 'float', possible loss of data
     1>c:\users\owner\documents\visual studio 2013\projects\homework02\nyucodebase\main.cpp(122): warning C4244: '+=' : conversion from 'float' to 'int', possible loss of data
     1>c:\users\owner\documents\visual studio 2013\projects\homework02\nyucodebase\main.cpp(125): warning C4244: '-=' : conversion from 'float' to 'int', possible loss of data
     1>c:\users\owner\documents\visual studio 2013\projects\homework02\nyucodebase\main.cpp(130): warning C4244: '+=' : conversion from 'float' to 'int', possible loss of data
     1>c:\users\owner\documents\visual studio 2013\projects\homework02\nyucodebase\main.cpp(133): warning C4244: '-=' : conversion from 'float' to 'int', possible loss of data
     1>c:\users\owner\documents\visual studio 2013\projects\homework02\nyucodebase\main.cpp(138): warning C4244: '+=' : conversion from 'float' to 'int', possible loss of data
     1>c:\users\owner\documents\visual studio 2013\projects\homework02\nyucodebase\main.cpp(141): warning C4244: '+=' : conversion from 'float' to 'int', possible loss of data
     1>c:\users\owner\documents\visual studio 2013\projects\homework02\nyucodebase\main.cpp(166): warning C4244: '=' : conversion from 'double' to 'float', possible loss of data
     1>c:\users\owner\documents\visual studio 2013\projects\homework02\nyucodebase\main.cpp(170): warning C4244: '=' : conversion from 'double' to 'float', possible loss of data
     1>c:\users\owner\documents\visual studio 2013\projects\homework02\nyucodebase\main.cpp(175): warning C4244: '=' : conversion from 'double' to 'float', possible loss of data
     1>c:\users\owner\documents\visual studio 2013\projects\homework02\nyucodebase\main.cpp(179): warning C4244: '=' : conversion from 'double' to 'float', possible loss of data
     1>c:\users\owner\documents\visual studio 2013\projects\homework02\nyucodebase\main.cpp(185): warning C4305: 'initializing' : truncation from 'double' to 'float'
     1>c:\users\owner\documents\visual studio 2013\projects\homework02\nyucodebase\main.cpp(192): warning C4305: 'initializing' : truncation from 'double' to 'float'
     1>c:\users\owner\documents\visual studio 2013\projects\homework02\nyucodebase\main.cpp(201): warning C4305: 'initializing' : truncation from 'double' to 'float'
     1>c:\users\owner\documents\visual studio 2013\projects\homework02\nyucodebase\main.cpp(210): warning C4305: 'initializing' : truncation from 'double' to 'float'
       Link:
         C:\Program Files (x86)\Microsoft Visual Studio 12.0\VC\bin\link.exe /ERRORREPORT:PROMPT /OUT:"C:\Users\Owner\Documents\Visual Studio 2013\Projects\Homework02\Debug\NYUCodebase.exe" /INCREMENTAL /NOLOGO /LIBPATH:C:\SDL2_mixer\lib\x86 /LIBPATH:C:\SDL2\lib\x86 /LIBPATH:C:\SDL2_image\lib\x86 /LIBPATH:C:\glew\lib\Release\Win32 SDL2.lib SDL2_mixer.lib glew32.lib SDL2main.lib SDL2_image.lib OpenGL32.lib /MANIFEST /MANIFESTUAC:"level='asInvoker' uiAccess='false'" /manifest:embed /DEBUG /PDB:"C:\Users\Owner\Documents\Visual Studio 2013\Projects\Homework02\Debug\NYUCodebase.pdb" /SUBSYSTEM:WINDOWS /TLBID:1 /DYNAMICBASE /NXCOMPAT /IMPLIB:"C:\Users\Owner\Documents\Visual Studio 2013\Projects\Homework02\Debug\NYUCodebase.lib" /MACHINE:X86 Debug\main.obj
         Debug\Matrix.obj
         Debug\ShaderProgram.obj
         NYUCodebase.vcxproj -> C:\Users\Owner\Documents\Visual Studio 2013\Projects\Homework02\Debug\NYUCodebase.exe
     1>Done Building Project "C:\Users\Owner\Documents\Visual Studio 2013\Projects\Homework02\NYUCodebase\NYUCodebase.vcxproj" (Build target(s)).

Build succeeded.

Time Elapsed 00:00:03.00
