Build started 12/21/2016 1:22:46 PM.
     1>Project "C:\Users\Owner\Documents\Visual Studio 2013\Projects\FinalProject\NYUCodebase\NYUCodebase.vcxproj" on node 2 (Build target(s)).
     1>ClCompile:
         C:\Program Files (x86)\Microsoft Visual Studio 12.0\VC\bin\CL.exe /c /IC:\SDL2\include /IC:\SDL2_image\include /IC:\glew\include /IC:\SDL2_mixer\include /ZI /nologo /W3 /WX- /sdl /Od /Oy- /D _WINDOWS /D _MBCS /D _MBCS /Gm /EHsc /RTC1 /MDd /GS /fp:precise /Zc:wchar_t /Zc:forScope /Fo"Debug\\" /Fd"Debug\vc120.pdb" /Gd /TP /analyze- /errorReport:prompt main.cpp
         main.cpp
     1>c:\users\owner\documents\visual studio 2013\projects\finalproject\nyucodebase\main.cpp(169): warning C4018: '<' : signed/unsigned mismatch
     1>c:\users\owner\documents\visual studio 2013\projects\finalproject\nyucodebase\main.cpp(375): warning C4244: '+=' : conversion from 'double' to 'float', possible loss of data
     1>c:\users\owner\documents\visual studio 2013\projects\finalproject\nyucodebase\main.cpp(389): warning C4244: '+=' : conversion from 'double' to 'float', possible loss of data
     1>c:\users\owner\documents\visual studio 2013\projects\finalproject\nyucodebase\main.cpp(413): warning C4244: '-=' : conversion from 'double' to 'float', possible loss of data
     1>c:\users\owner\documents\visual studio 2013\projects\finalproject\nyucodebase\main.cpp(422): warning C4244: '-=' : conversion from 'double' to 'float', possible loss of data
     1>c:\users\owner\documents\visual studio 2013\projects\finalproject\nyucodebase\main.cpp(445): warning C4244: '+=' : conversion from 'double' to 'float', possible loss of data
     1>c:\users\owner\documents\visual studio 2013\projects\finalproject\nyucodebase\main.cpp(454): warning C4244: '+=' : conversion from 'double' to 'float', possible loss of data
     1>c:\users\owner\documents\visual studio 2013\projects\finalproject\nyucodebase\main.cpp(473): warning C4244: '-=' : conversion from 'double' to 'float', possible loss of data
     1>c:\users\owner\documents\visual studio 2013\projects\finalproject\nyucodebase\main.cpp(482): warning C4244: '-=' : conversion from 'double' to 'float', possible loss of data
     1>c:\users\owner\documents\visual studio 2013\projects\finalproject\nyucodebase\main.cpp(581): warning C4244: '+=' : conversion from 'double' to 'float', possible loss of data
     1>c:\users\owner\documents\visual studio 2013\projects\finalproject\nyucodebase\main.cpp(590): warning C4244: '+=' : conversion from 'double' to 'float', possible loss of data
     1>c:\users\owner\documents\visual studio 2013\projects\finalproject\nyucodebase\main.cpp(601): warning C4244: '-=' : conversion from 'double' to 'float', possible loss of data
     1>c:\users\owner\documents\visual studio 2013\projects\finalproject\nyucodebase\main.cpp(610): warning C4244: '-=' : conversion from 'double' to 'float', possible loss of data
     1>c:\users\owner\documents\visual studio 2013\projects\finalproject\nyucodebase\main.cpp(624): warning C4244: '+=' : conversion from 'double' to 'float', possible loss of data
     1>c:\users\owner\documents\visual studio 2013\projects\finalproject\nyucodebase\main.cpp(634): warning C4244: '+=' : conversion from 'double' to 'float', possible loss of data
     1>c:\users\owner\documents\visual studio 2013\projects\finalproject\nyucodebase\main.cpp(646): warning C4244: '-=' : conversion from 'double' to 'float', possible loss of data
     1>c:\users\owner\documents\visual studio 2013\projects\finalproject\nyucodebase\main.cpp(656): warning C4244: '-=' : conversion from 'double' to 'float', possible loss of data
     1>c:\users\owner\documents\visual studio 2013\projects\finalproject\nyucodebase\main.cpp(697): warning C4305: 'argument' : truncation from 'double' to 'float'
     1>c:\users\owner\documents\visual studio 2013\projects\finalproject\nyucodebase\main.cpp(821): warning C4018: '<' : signed/unsigned mismatch
     1>c:\users\owner\documents\visual studio 2013\projects\finalproject\nyucodebase\main.cpp(824): warning C4018: '<' : signed/unsigned mismatch
     1>c:\users\owner\documents\visual studio 2013\projects\finalproject\nyucodebase\main.cpp(832): warning C4018: '<' : signed/unsigned mismatch
     1>c:\users\owner\documents\visual studio 2013\projects\finalproject\nyucodebase\main.cpp(835): warning C4018: '<' : signed/unsigned mismatch
     1>c:\users\owner\documents\visual studio 2013\projects\finalproject\nyucodebase\main.cpp(841): warning C4018: '<' : signed/unsigned mismatch
     1>c:\users\owner\documents\visual studio 2013\projects\finalproject\nyucodebase\main.cpp(912): warning C4018: '<' : signed/unsigned mismatch
     1>c:\users\owner\documents\visual studio 2013\projects\finalproject\nyucodebase\main.cpp(915): warning C4018: '<' : signed/unsigned mismatch
     1>c:\users\owner\documents\visual studio 2013\projects\finalproject\nyucodebase\main.cpp(923): warning C4018: '<' : signed/unsigned mismatch
     1>c:\users\owner\documents\visual studio 2013\projects\finalproject\nyucodebase\main.cpp(926): warning C4018: '<' : signed/unsigned mismatch
     1>c:\users\owner\documents\visual studio 2013\projects\finalproject\nyucodebase\main.cpp(932): warning C4018: '<' : signed/unsigned mismatch
     1>c:\users\owner\documents\visual studio 2013\projects\finalproject\nyucodebase\main.cpp(1003): warning C4018: '<' : signed/unsigned mismatch
     1>c:\users\owner\documents\visual studio 2013\projects\finalproject\nyucodebase\main.cpp(1006): warning C4018: '<' : signed/unsigned mismatch
     1>c:\users\owner\documents\visual studio 2013\projects\finalproject\nyucodebase\main.cpp(1014): warning C4018: '<' : signed/unsigned mismatch
     1>c:\users\owner\documents\visual studio 2013\projects\finalproject\nyucodebase\main.cpp(1017): warning C4018: '<' : signed/unsigned mismatch
     1>c:\users\owner\documents\visual studio 2013\projects\finalproject\nyucodebase\main.cpp(1023): warning C4018: '<' : signed/unsigned mismatch
       Link:
         C:\Program Files (x86)\Microsoft Visual Studio 12.0\VC\bin\link.exe /ERRORREPORT:PROMPT /OUT:"C:\Users\Owner\Documents\Visual Studio 2013\Projects\FinalProject\Debug\NYUCodebase.exe" /INCREMENTAL /NOLOGO /LIBPATH:C:\SDL2_mixer\lib\x86 /LIBPATH:C:\SDL2\lib\x86 /LIBPATH:C:\SDL2_image\lib\x86 /LIBPATH:C:\glew\lib\Release\Win32 SDL2.lib SDL2_mixer.lib glew32.lib SDL2main.lib SDL2_image.lib OpenGL32.lib /MANIFEST /MANIFESTUAC:"level='asInvoker' uiAccess='false'" /manifest:embed /DEBUG /PDB:"C:\Users\Owner\Documents\Visual Studio 2013\Projects\FinalProject\Debug\NYUCodebase.pdb" /SUBSYSTEM:WINDOWS /TLBID:1 /DYNAMICBASE /NXCOMPAT /IMPLIB:"C:\Users\Owner\Documents\Visual Studio 2013\Projects\FinalProject\Debug\NYUCodebase.lib" /MACHINE:X86 Debug\main.obj
         Debug\Matrix.obj
         Debug\ShaderProgram.obj
         NYUCodebase.vcxproj -> C:\Users\Owner\Documents\Visual Studio 2013\Projects\FinalProject\Debug\NYUCodebase.exe
     1>Done Building Project "C:\Users\Owner\Documents\Visual Studio 2013\Projects\FinalProject\NYUCodebase\NYUCodebase.vcxproj" (Build target(s)).

Build succeeded.

Time Elapsed 00:00:04.48
